n23m0107.hpc.itc.rwth-aachen.de
Sun Aug  4 21:16:26 CEST 2024
Set parameter TSPort to value 50039
Set parameter TokenServer to value "license6.itc.rwth-aachen.de"
Set parameter MIPFocus to value 2
Gurobi Optimizer version 10.0.0 build v10.0.0rc2 (linux64)

CPU model: Intel(R) Xeon(R) Platinum 8468, instruction set [SSE2|AVX|AVX2|AVX512]
Thread count: 96 physical cores, 96 logical processors, using up to 32 threads

Optimize a model with 1322 rows, 160 columns and 3129 nonzeros
Model fingerprint: 0x55fb2353
Variable types: 65 continuous, 95 integer (95 binary)
Coefficient statistics:
  Matrix range     [1e+00, 1e+03]
  Objective range  [1e+00, 1e+00]
  Bounds range     [1e+00, 1e+00]
  RHS range        [1e+00, 3e+03]
Presolve removed 1272 rows and 122 columns
Presolve time: 0.00s
Presolved: 50 rows, 38 columns, 174 nonzeros
Variable types: 12 continuous, 26 integer (26 binary)
Found heuristic solution: objective 5.0000000
Root relaxation presolved: 50 rows, 38 columns, 174 nonzeros


Root relaxation: objective 3.000000e+00, 19 iterations, 0.00 seconds (0.00 work units)

    Nodes    |    Current Node    |     Objective Bounds      |     Work
 Expl Unexpl |  Obj  Depth IntInf | Incumbent    BestBd   Gap | It/Node Time

*    0     0               0       3.0000000    3.00000  0.00%     -    0s

Explored 1 nodes (19 simplex iterations) in 0.01 seconds (0.00 work units)
Thread count was 32 (of 96 available processors)

Solution count 2: 3 5 

Optimal solution found (tolerance 1.00e-04)
Best objective 3.000000000000e+00, best bound 3.000000000000e+00, gap 0.0000%
Set parameter TimeLimit to value 172800
Set parameter MIPFocus to value 1
Set parameter Heuristics to value 0.5
Gurobi Optimizer version 10.0.0 build v10.0.0rc2 (linux64)

CPU model: Intel(R) Xeon(R) Platinum 8468, instruction set [SSE2|AVX|AVX2|AVX512]
Thread count: 96 physical cores, 96 logical processors, using up to 32 threads

Optimize a model with 14230 rows, 8323 columns and 64451 nonzeros
Model fingerprint: 0x943377c2
Variable types: 220 continuous, 8103 integer (8103 binary)
Coefficient statistics:
  Matrix range     [1e+00, 1e+03]
  Objective range  [2e+02, 2e+02]
  Bounds range     [1e+00, 1e+00]
  RHS range        [1e+00, 4e+03]
Presolve removed 5367 rows and 1444 columns
Presolve time: 0.13s
Presolved: 8863 rows, 6879 columns, 39927 nonzeros
Variable types: 196 continuous, 6683 integer (6683 binary)

Root relaxation: objective 9.300000e+02, 4595 iterations, 0.21 seconds (0.27 work units)

    Nodes    |    Current Node    |     Objective Bounds      |     Work
 Expl Unexpl |  Obj  Depth IntInf | Incumbent    BestBd   Gap | It/Node Time

     0     0  930.00000    0   50          -  930.00000      -     -    0s
     0     0  930.00000    0  169          -  930.00000      -     -    1s
     0     0  930.00000    0  163          -  930.00000      -     -    1s
H    0     0                    1350.0000000  930.00000  31.1%     -    1s
H    0     0                    1140.0000000  930.00000  18.4%     -    1s
     0     0  930.00000    0  139 1140.00000  930.00000  18.4%     -    1s
     0     0  930.00000    0   27 1140.00000  930.00000  18.4%     -    3s
     0     0  930.00000    0   79 1140.00000  930.00000  18.4%     -    3s
     0     0  930.00000    0   79 1140.00000  930.00000  18.4%     -    3s
H    0     0                     930.0000000  930.00000  0.00%     -    4s
     0     0  930.00000    0   33  930.00000  930.00000  0.00%     -    4s

Cutting planes:
  Gomory: 1
  Lift-and-project: 11
  Cover: 2
  Implied bound: 15
  Clique: 11
  MIR: 5
  Flow cover: 6
  GUB cover: 2
  Zero half: 1
  RLT: 4
  Relax-and-lift: 53

Explored 1 nodes (29892 simplex iterations) in 4.35 seconds (6.03 work units)
Thread count was 32 (of 96 available processors)

Solution count 3: 930 1140 1350 

Optimal solution found (tolerance 1.00e-04)
Best objective 9.300000000000e+02, best bound 9.300000000000e+02, gap 0.0000%
Sun Aug  4 21:16:50 CEST 2024
