r23m0061.hpc.itc.rwth-aachen.de
Mon Aug 19 16:55:23 CEST 2024
Set parameter TSPort to value 50039
Set parameter TokenServer to value "license6.itc.rwth-aachen.de"
Data Set Size: 5
Set parameter TimeLimit to value 50400
Set parameter MIPFocus to value 1
Set parameter Heuristics to value 0.5
Gurobi Optimizer version 10.0.0 build v10.0.0rc2 (linux64)

CPU model: Intel(R) Xeon(R) Platinum 8468, instruction set [SSE2|AVX|AVX2|AVX512]
Thread count: 96 physical cores, 96 logical processors, using up to 32 threads

Optimize a model with 7708 rows, 5491 columns and 38422 nonzeros
Model fingerprint: 0xd152e1e9
Variable types: 152 continuous, 5339 integer (5339 binary)
Coefficient statistics:
  Matrix range     [1e+00, 1e+03]
  Objective range  [2e+02, 3e+02]
  Bounds range     [1e+00, 1e+00]
  RHS range        [1e+00, 3e+03]
Presolve removed 3180 rows and 1781 columns
Presolve time: 0.22s
Presolved: 4528 rows, 3710 columns, 20058 nonzeros
Variable types: 134 continuous, 3576 integer (3576 binary)

Root relaxation: objective 9.300000e+02, 3060 iterations, 0.13 seconds (0.14 work units)

    Nodes    |    Current Node    |     Objective Bounds      |     Work
 Expl Unexpl |  Obj  Depth IntInf | Incumbent    BestBd   Gap | It/Node Time

     0     0  930.00000    0   15          -  930.00000      -     -    0s
     0     0  930.00000    0   81          -  930.00000      -     -    0s
     0     0  930.00000    0   44          -  930.00000      -     -    0s
     0     0  930.00000    0   21          -  930.00000      -     -    1s
     0     0  930.00000    0   21          -  930.00000      -     -    1s
     0     0  930.00000    0   36          -  930.00000      -     -    1s
     0     0  930.00000    0   58          -  930.00000      -     -    1s
     0     0  930.00000    0   25          -  930.00000      -     -    2s
H    0     0                     930.0000000  930.00000  0.00%     -    2s
     0     0  930.00000    0   56  930.00000  930.00000  0.00%     -    2s

Cutting planes:
  Cover: 1
  Implied bound: 9
  Clique: 6
  MIR: 2
  Flow cover: 8
  RLT: 6
  Relax-and-lift: 4

Explored 1 nodes (32608 simplex iterations) in 2.40 seconds (2.45 work units)
Thread count was 32 (of 96 available processors)

Solution count 1: 930 

Optimal solution found (tolerance 1.00e-04)
Best objective 9.300000000000e+02, best bound 9.300000000000e+02, gap 0.0000%
Mon Aug 19 16:55:31 CEST 2024
